<?xml version="1.0" encoding="UTF-8"?>
<!-- Generated by org.testng.reporters.JUnitReportReporter -->
<testsuite hostname="LAPTOP-SILLO3IJ" failures="0" tests="1" name="rahulshettyacademy.tests.ErrorValidationsTest" time="9.360" errors="0" timestamp="2025-01-07T18:24:11 IST" skipped="0">
  <testcase classname="rahulshettyacademy.tests.ErrorValidationsTest" name="SubmitOrder" time="9.360"/>
</testsuite> <!-- rahulshettyacademy.tests.ErrorValidationsTest -->
