<?xml version="1.0" encoding="UTF-8"?>
<!-- Generated by org.testng.reporters.JUnitReportReporter -->
<testsuite hostname="LAPTOP-SILLO3IJ" failures="0" tests="1" name="rahulshettyacademy.tests.ErrorValidations" time="8.786" errors="0" timestamp="2025-01-06T22:03:43 IST" skipped="0">
  <testcase classname="rahulshettyacademy.tests.ErrorValidations" name="SubmitOrder" time="8.786"/>
</testsuite> <!-- rahulshettyacademy.tests.ErrorValidations -->
